[2025-12-27T17:52:58.811+0000] {local_task_job_runner.py:120} INFO - ::group::Pre task execution logs
[2025-12-27T17:52:58.821+0000] {taskinstance.py:2076} INFO - Dependencies all met for dep_context=non-requeueable deps ti=<TaskInstance: automl_autogluon_pipeline.train_automl_model manual__2025-12-27T17:52:57.022202+00:00 [queued]>
[2025-12-27T17:52:58.824+0000] {taskinstance.py:2076} INFO - Dependencies all met for dep_context=requeueable deps ti=<TaskInstance: automl_autogluon_pipeline.train_automl_model manual__2025-12-27T17:52:57.022202+00:00 [queued]>
[2025-12-27T17:52:58.824+0000] {taskinstance.py:2306} INFO - Starting attempt 1 of 1
[2025-12-27T17:52:58.828+0000] {taskinstance.py:2330} INFO - Executing <Task(PythonOperator): train_automl_model> on 2025-12-27 17:52:57.022202+00:00
[2025-12-27T17:52:58.831+0000] {standard_task_runner.py:64} INFO - Started process 237 to run task
[2025-12-27T17:52:58.832+0000] {standard_task_runner.py:90} INFO - Running: ['***', 'tasks', 'run', 'automl_autogluon_pipeline', 'train_automl_model', 'manual__2025-12-27T17:52:57.022202+00:00', '--job-id', '12', '--raw', '--subdir', 'DAGS_FOLDER/autogluon_dag.py', '--cfg-path', '/tmp/tmpijp3oio8']
[2025-12-27T17:52:58.833+0000] {standard_task_runner.py:91} INFO - Job 12: Subtask train_automl_model
[2025-12-27T17:52:58.850+0000] {task_command.py:426} INFO - Running <TaskInstance: automl_autogluon_pipeline.train_automl_model manual__2025-12-27T17:52:57.022202+00:00 [running]> on host c16fe1ad2a2e
[2025-12-27T17:52:58.881+0000] {taskinstance.py:2648} INFO - Exporting env vars: AIRFLOW_CTX_DAG_OWNER='***' AIRFLOW_CTX_DAG_ID='automl_autogluon_pipeline' AIRFLOW_CTX_TASK_ID='train_automl_model' AIRFLOW_CTX_EXECUTION_DATE='2025-12-27T17:52:57.022202+00:00' AIRFLOW_CTX_TRY_NUMBER='1' AIRFLOW_CTX_DAG_RUN_ID='manual__2025-12-27T17:52:57.022202+00:00'
[2025-12-27T17:52:58.881+0000] {taskinstance.py:430} INFO - ::endgroup::
[2025-12-27T17:52:58.892+0000] {logging_mixin.py:188} WARNING - /home/***/.local/lib/python3.10/site-packages/autogluon/tabular/predictor/predictor.py:1242 UserWarning: Failed to use ray for memory safe fits. Falling back to normal fit. Error: ImportError('ray is required to train folds in parallel for TabularPredictor or HPO for MultiModalPredictor. A quick tip is to install via `pip install ray==2.10.0`')
[2025-12-27T17:53:06.087+0000] {logging_mixin.py:188} WARNING - /home/***/.local/lib/python3.10/site-packages/sklearn/ensemble/_base.py:168 UserWarning: Loky-backed parallel loops cannot be called in a multiprocessing, setting n_jobs=1
[2025-12-27T17:53:06.092+0000] {logging_mixin.py:188} WARNING - /home/***/.local/lib/python3.10/site-packages/sklearn/ensemble/_base.py:168 UserWarning: Loky-backed parallel loops cannot be called in a multiprocessing, setting n_jobs=1
[2025-12-27T17:53:06.098+0000] {logging_mixin.py:188} WARNING - /home/***/.local/lib/python3.10/site-packages/sklearn/ensemble/_base.py:168 UserWarning: Loky-backed parallel loops cannot be called in a multiprocessing, setting n_jobs=1
[2025-12-27T17:53:06.103+0000] {logging_mixin.py:188} WARNING - /home/***/.local/lib/python3.10/site-packages/sklearn/ensemble/_base.py:168 UserWarning: Loky-backed parallel loops cannot be called in a multiprocessing, setting n_jobs=1
[2025-12-27T17:53:06.109+0000] {logging_mixin.py:188} WARNING - /home/***/.local/lib/python3.10/site-packages/sklearn/ensemble/_base.py:168 UserWarning: Loky-backed parallel loops cannot be called in a multiprocessing, setting n_jobs=1
[2025-12-27T17:53:06.114+0000] {logging_mixin.py:188} WARNING - /home/***/.local/lib/python3.10/site-packages/sklearn/ensemble/_base.py:168 UserWarning: Loky-backed parallel loops cannot be called in a multiprocessing, setting n_jobs=1
[2025-12-27T17:53:06.119+0000] {logging_mixin.py:188} WARNING - /home/***/.local/lib/python3.10/site-packages/sklearn/ensemble/_base.py:168 UserWarning: Loky-backed parallel loops cannot be called in a multiprocessing, setting n_jobs=1
[2025-12-27T17:53:06.124+0000] {logging_mixin.py:188} WARNING - /home/***/.local/lib/python3.10/site-packages/sklearn/ensemble/_base.py:168 UserWarning: Loky-backed parallel loops cannot be called in a multiprocessing, setting n_jobs=1
[2025-12-27T17:53:06.130+0000] {logging_mixin.py:188} WARNING - /home/***/.local/lib/python3.10/site-packages/sklearn/ensemble/_base.py:168 UserWarning: Loky-backed parallel loops cannot be called in a multiprocessing, setting n_jobs=1
[2025-12-27T17:53:06.135+0000] {logging_mixin.py:188} WARNING - /home/***/.local/lib/python3.10/site-packages/sklearn/ensemble/_base.py:168 UserWarning: Loky-backed parallel loops cannot be called in a multiprocessing, setting n_jobs=1
[2025-12-27T17:53:06.141+0000] {logging_mixin.py:188} WARNING - /home/***/.local/lib/python3.10/site-packages/sklearn/ensemble/_base.py:168 UserWarning: Loky-backed parallel loops cannot be called in a multiprocessing, setting n_jobs=1
[2025-12-27T17:53:06.146+0000] {logging_mixin.py:188} WARNING - /home/***/.local/lib/python3.10/site-packages/sklearn/ensemble/_base.py:168 UserWarning: Loky-backed parallel loops cannot be called in a multiprocessing, setting n_jobs=1
[2025-12-27T17:53:06.152+0000] {logging_mixin.py:188} WARNING - /home/***/.local/lib/python3.10/site-packages/sklearn/ensemble/_base.py:168 UserWarning: Loky-backed parallel loops cannot be called in a multiprocessing, setting n_jobs=1
[2025-12-27T17:53:06.157+0000] {logging_mixin.py:188} WARNING - /home/***/.local/lib/python3.10/site-packages/sklearn/ensemble/_base.py:168 UserWarning: Loky-backed parallel loops cannot be called in a multiprocessing, setting n_jobs=1
[2025-12-27T17:53:06.163+0000] {logging_mixin.py:188} WARNING - /home/***/.local/lib/python3.10/site-packages/sklearn/ensemble/_base.py:168 UserWarning: Loky-backed parallel loops cannot be called in a multiprocessing, setting n_jobs=1
[2025-12-27T17:53:25.259+0000] {logging_mixin.py:188} INFO -                        model  score_val  ... can_infer  fit_order
0      ExtraTreesGini_BAG_L2        1.0  ...      True         22
1      ExtraTreesEntr_BAG_L2        1.0  ...      True         23
2    RandomForestGini_BAG_L2        1.0  ...      True         20
3      ExtraTrees_r42_BAG_L2        1.0  ...      True         24
4    RandomForest_r16_BAG_L2        1.0  ...      True         36
5   RandomForest_r195_BAG_L2        1.0  ...      True         25
6    RandomForestEntr_BAG_L2        1.0  ...      True         21
7        WeightedEnsemble_L3        1.0  ...      True         38
8      ExtraTrees_r49_BAG_L2        1.0  ...      True         28
9   RandomForest_r166_BAG_L2        1.0  ...      True         33
10    ExtraTrees_r197_BAG_L2        1.0  ...      True         35
11    ExtraTrees_r126_BAG_L2        0.6  ...      True         37
12   RandomForest_r39_BAG_L2        0.6  ...      True         27
13     ExtraTreesEntr_BAG_L1        0.0  ...      True          4
14     ExtraTreesGini_BAG_L1        0.0  ...      True          3
15    ExtraTrees_r172_BAG_L1        0.0  ...      True          7
16   RandomForestGini_BAG_L1        0.0  ...      True          1
17  RandomForest_r195_BAG_L1        0.0  ...      True          6
18     ExtraTrees_r42_BAG_L1        0.0  ...      True          5
19   RandomForestEntr_BAG_L1        0.0  ...      True          2
20   RandomForest_r34_BAG_L1        0.0  ...      True         11
21       WeightedEnsemble_L2        0.0  ...      True         19
22   RandomForest_r39_BAG_L1        0.0  ...      True          8
23  RandomForest_r127_BAG_L1        0.0  ...      True         10
24     ExtraTrees_r49_BAG_L1        0.0  ...      True          9
25  RandomForest_r166_BAG_L1        0.0  ...      True         14
26   RandomForest_r15_BAG_L1        0.0  ...      True         15
27    ExtraTrees_r178_BAG_L1        0.0  ...      True         13
28    ExtraTrees_r126_BAG_L1        0.0  ...      True         18
29   RandomForest_r16_BAG_L1        0.0  ...      True         17
30    ExtraTrees_r197_BAG_L1        0.0  ...      True         16
31      ExtraTrees_r4_BAG_L1        0.0  ...      True         12
32    ExtraTrees_r172_BAG_L2        0.0  ...      True         26
33  RandomForest_r127_BAG_L2        0.0  ...      True         29
34   RandomForest_r34_BAG_L2        0.0  ...      True         30
35    ExtraTrees_r178_BAG_L2        0.0  ...      True         32
36   RandomForest_r15_BAG_L2        0.0  ...      True         34
37      ExtraTrees_r4_BAG_L2        0.0  ...      True         31

[38 rows x 10 columns]
[2025-12-27T17:53:25.260+0000] {python.py:237} INFO - Done. Returned value was: None
[2025-12-27T17:53:25.261+0000] {taskinstance.py:441} INFO - ::group::Post task execution logs
[2025-12-27T17:53:25.265+0000] {taskinstance.py:1206} INFO - Marking task as SUCCESS. dag_id=automl_autogluon_pipeline, task_id=train_automl_model, run_id=manual__2025-12-27T17:52:57.022202+00:00, execution_date=20251227T175257, start_date=20251227T175258, end_date=20251227T175325
[2025-12-27T17:53:25.283+0000] {local_task_job_runner.py:243} INFO - Task exited with return code 0
[2025-12-27T17:53:25.288+0000] {taskinstance.py:3503} INFO - 0 downstream tasks scheduled from follow-on schedule check
[2025-12-27T17:53:25.290+0000] {local_task_job_runner.py:222} INFO - ::endgroup::
