[2025-12-27T17:45:12.813+0000] {local_task_job_runner.py:120} INFO - ::group::Pre task execution logs
[2025-12-27T17:45:12.824+0000] {taskinstance.py:2076} INFO - Dependencies all met for dep_context=non-requeueable deps ti=<TaskInstance: automl_autogluon_pipeline.train_automl_model manual__2025-12-27T17:45:11.221917+00:00 [queued]>
[2025-12-27T17:45:12.826+0000] {taskinstance.py:2076} INFO - Dependencies all met for dep_context=requeueable deps ti=<TaskInstance: automl_autogluon_pipeline.train_automl_model manual__2025-12-27T17:45:11.221917+00:00 [queued]>
[2025-12-27T17:45:12.826+0000] {taskinstance.py:2306} INFO - Starting attempt 1 of 1
[2025-12-27T17:45:12.831+0000] {taskinstance.py:2330} INFO - Executing <Task(PythonOperator): train_automl_model> on 2025-12-27 17:45:11.221917+00:00
[2025-12-27T17:45:12.833+0000] {standard_task_runner.py:64} INFO - Started process 2919 to run task
[2025-12-27T17:45:12.835+0000] {standard_task_runner.py:90} INFO - Running: ['***', 'tasks', 'run', 'automl_autogluon_pipeline', 'train_automl_model', 'manual__2025-12-27T17:45:11.221917+00:00', '--job-id', '9', '--raw', '--subdir', 'DAGS_FOLDER/autogluon_dag.py', '--cfg-path', '/tmp/tmp3hnh7bbn']
[2025-12-27T17:45:12.836+0000] {standard_task_runner.py:91} INFO - Job 9: Subtask train_automl_model
[2025-12-27T17:45:12.855+0000] {task_command.py:426} INFO - Running <TaskInstance: automl_autogluon_pipeline.train_automl_model manual__2025-12-27T17:45:11.221917+00:00 [running]> on host c16fe1ad2a2e
[2025-12-27T17:45:12.887+0000] {taskinstance.py:2648} INFO - Exporting env vars: AIRFLOW_CTX_DAG_OWNER='***' AIRFLOW_CTX_DAG_ID='automl_autogluon_pipeline' AIRFLOW_CTX_TASK_ID='train_automl_model' AIRFLOW_CTX_EXECUTION_DATE='2025-12-27T17:45:11.221917+00:00' AIRFLOW_CTX_TRY_NUMBER='1' AIRFLOW_CTX_DAG_RUN_ID='manual__2025-12-27T17:45:11.221917+00:00'
[2025-12-27T17:45:12.887+0000] {taskinstance.py:430} INFO - ::endgroup::
[2025-12-27T17:45:12.900+0000] {logging_mixin.py:188} WARNING - /home/***/.local/lib/python3.10/site-packages/autogluon/tabular/predictor/predictor.py:1242 UserWarning: Failed to use ray for memory safe fits. Falling back to normal fit. Error: ImportError('ray is required to train folds in parallel for TabularPredictor or HPO for MultiModalPredictor. A quick tip is to install via `pip install ray==2.10.0`')
[2025-12-27T17:45:20.122+0000] {logging_mixin.py:188} WARNING - /home/***/.local/lib/python3.10/site-packages/sklearn/ensemble/_base.py:168 UserWarning: Loky-backed parallel loops cannot be called in a multiprocessing, setting n_jobs=1
[2025-12-27T17:45:20.127+0000] {logging_mixin.py:188} WARNING - /home/***/.local/lib/python3.10/site-packages/sklearn/ensemble/_base.py:168 UserWarning: Loky-backed parallel loops cannot be called in a multiprocessing, setting n_jobs=1
[2025-12-27T17:45:20.133+0000] {logging_mixin.py:188} WARNING - /home/***/.local/lib/python3.10/site-packages/sklearn/ensemble/_base.py:168 UserWarning: Loky-backed parallel loops cannot be called in a multiprocessing, setting n_jobs=1
[2025-12-27T17:45:20.138+0000] {logging_mixin.py:188} WARNING - /home/***/.local/lib/python3.10/site-packages/sklearn/ensemble/_base.py:168 UserWarning: Loky-backed parallel loops cannot be called in a multiprocessing, setting n_jobs=1
[2025-12-27T17:45:20.144+0000] {logging_mixin.py:188} WARNING - /home/***/.local/lib/python3.10/site-packages/sklearn/ensemble/_base.py:168 UserWarning: Loky-backed parallel loops cannot be called in a multiprocessing, setting n_jobs=1
[2025-12-27T17:45:20.149+0000] {logging_mixin.py:188} WARNING - /home/***/.local/lib/python3.10/site-packages/sklearn/ensemble/_base.py:168 UserWarning: Loky-backed parallel loops cannot be called in a multiprocessing, setting n_jobs=1
[2025-12-27T17:45:20.154+0000] {logging_mixin.py:188} WARNING - /home/***/.local/lib/python3.10/site-packages/sklearn/ensemble/_base.py:168 UserWarning: Loky-backed parallel loops cannot be called in a multiprocessing, setting n_jobs=1
[2025-12-27T17:45:20.159+0000] {logging_mixin.py:188} WARNING - /home/***/.local/lib/python3.10/site-packages/sklearn/ensemble/_base.py:168 UserWarning: Loky-backed parallel loops cannot be called in a multiprocessing, setting n_jobs=1
[2025-12-27T17:45:20.165+0000] {logging_mixin.py:188} WARNING - /home/***/.local/lib/python3.10/site-packages/sklearn/ensemble/_base.py:168 UserWarning: Loky-backed parallel loops cannot be called in a multiprocessing, setting n_jobs=1
[2025-12-27T17:45:20.170+0000] {logging_mixin.py:188} WARNING - /home/***/.local/lib/python3.10/site-packages/sklearn/ensemble/_base.py:168 UserWarning: Loky-backed parallel loops cannot be called in a multiprocessing, setting n_jobs=1
[2025-12-27T17:45:20.176+0000] {logging_mixin.py:188} WARNING - /home/***/.local/lib/python3.10/site-packages/sklearn/ensemble/_base.py:168 UserWarning: Loky-backed parallel loops cannot be called in a multiprocessing, setting n_jobs=1
[2025-12-27T17:45:20.181+0000] {logging_mixin.py:188} WARNING - /home/***/.local/lib/python3.10/site-packages/sklearn/ensemble/_base.py:168 UserWarning: Loky-backed parallel loops cannot be called in a multiprocessing, setting n_jobs=1
[2025-12-27T17:45:20.187+0000] {logging_mixin.py:188} WARNING - /home/***/.local/lib/python3.10/site-packages/sklearn/ensemble/_base.py:168 UserWarning: Loky-backed parallel loops cannot be called in a multiprocessing, setting n_jobs=1
[2025-12-27T17:45:20.192+0000] {logging_mixin.py:188} WARNING - /home/***/.local/lib/python3.10/site-packages/sklearn/ensemble/_base.py:168 UserWarning: Loky-backed parallel loops cannot be called in a multiprocessing, setting n_jobs=1
[2025-12-27T17:45:20.198+0000] {logging_mixin.py:188} WARNING - /home/***/.local/lib/python3.10/site-packages/sklearn/ensemble/_base.py:168 UserWarning: Loky-backed parallel loops cannot be called in a multiprocessing, setting n_jobs=1
[2025-12-27T17:45:39.015+0000] {python.py:237} INFO - Done. Returned value was: None
[2025-12-27T17:45:39.015+0000] {taskinstance.py:441} INFO - ::group::Post task execution logs
[2025-12-27T17:45:39.019+0000] {taskinstance.py:1206} INFO - Marking task as SUCCESS. dag_id=automl_autogluon_pipeline, task_id=train_automl_model, run_id=manual__2025-12-27T17:45:11.221917+00:00, execution_date=20251227T174511, start_date=20251227T174512, end_date=20251227T174539
[2025-12-27T17:45:39.045+0000] {local_task_job_runner.py:243} INFO - Task exited with return code 0
[2025-12-27T17:45:39.051+0000] {taskinstance.py:3503} INFO - 0 downstream tasks scheduled from follow-on schedule check
[2025-12-27T17:45:39.052+0000] {local_task_job_runner.py:222} INFO - ::endgroup::
